2025-09-28T11:23:07.142007+00:00 WARNING 'ansible_navigator.image_manager.puller._log_message' Image inspection failed, image assumed to be corrupted or missing
2025-09-28T11:23:07.142716+00:00 WARNING 'ansible_navigator.image_manager.puller._log_message' stdout: []

2025-09-28T11:23:07.142779+00:00 WARNING 'ansible_navigator.image_manager.puller._log_message' stderr: Error: registry.redhat.io/ansible-automation-platform-24/ee-supported-rhel8:latest: image not known

2025-09-28T11:23:09.705092+00:00 ERROR 'ansible_navigator.image_manager.puller._log_message' Execution environment pull failed
2025-09-28T11:23:45.138279+00:00 INFO 'ansible_navigator.setup_logger' New ansible-navigator instance, logging initialized
2025-09-28T11:23:45.138593+00:00 INFO 'ansible_navigator.setup_logger' New ansible-runner instance, logging initialized
2025-09-28T11:23:45.138647+00:00 DEBUG 'ansible_navigator.main' MarkupSafe==2.1.0 
2025-09-28T11:23:45.138683+00:00 DEBUG 'ansible_navigator.main' PySocks==1.7.1 
2025-09-28T11:23:45.138715+00:00 DEBUG 'ansible_navigator.main' PyYAML==5.4.1 
2025-09-28T11:23:45.138747+00:00 DEBUG 'ansible_navigator.main' ansible-builder==3.0.1 
2025-09-28T11:23:45.138777+00:00 DEBUG 'ansible_navigator.main' ansible-core==2.15.13 
2025-09-28T11:23:45.138806+00:00 DEBUG 'ansible_navigator.main' ansible-navigator==3.4.1 
2025-09-28T11:23:45.138835+00:00 DEBUG 'ansible_navigator.main' ansible-runner==2.3.6 
2025-09-28T11:23:45.138864+00:00 DEBUG 'ansible_navigator.main' attrs==21.4.0 /usr/lib/python3.9/site-packages/attrs/__init__.py
2025-09-28T11:23:45.138892+00:00 DEBUG 'ansible_navigator.main' bindep==2.10.2 /usr/lib/python3.9/site-packages/bindep/__init__.py
2025-09-28T11:23:45.138920+00:00 DEBUG 'ansible_navigator.main' cffi==1.15.0 /usr/lib64/python3.9/site-packages/cffi/__init__.py
2025-09-28T11:23:45.138948+00:00 DEBUG 'ansible_navigator.main' chardet==4.0.0 /usr/lib/python3.9/site-packages/chardet/__init__.py
2025-09-28T11:23:45.138975+00:00 DEBUG 'ansible_navigator.main' cryptography==42.0.5 /usr/lib64/python3.9/site-packages/cryptography/__init__.py
2025-09-28T11:23:45.139003+00:00 DEBUG 'ansible_navigator.main' dbus-python==1.2.18 
2025-09-28T11:23:45.139030+00:00 DEBUG 'ansible_navigator.main' decorator==4.4.2 /usr/lib/python3.9/site-packages/decorator.py
2025-09-28T11:23:45.139058+00:00 DEBUG 'ansible_navigator.main' distro==1.5.0 /usr/lib/python3.9/site-packages/distro.py
2025-09-28T11:23:45.139085+00:00 DEBUG 'ansible_navigator.main' docutils==0.16 /usr/lib/python3.9/site-packages/docutils/__init__.py
2025-09-28T11:23:45.139112+00:00 DEBUG 'ansible_navigator.main' file-magic==0.4.0 
2025-09-28T11:23:45.139139+00:00 DEBUG 'ansible_navigator.main' idna==2.10 /usr/lib/python3.9/site-packages/idna/__init__.py
2025-09-28T11:23:45.139172+00:00 DEBUG 'ansible_navigator.main' importlib-metadata==6.0.1 
2025-09-28T11:23:45.139202+00:00 DEBUG 'ansible_navigator.main' importlib-resources==5.0.7 
2025-09-28T11:23:45.139229+00:00 DEBUG 'ansible_navigator.main' iniparse==0.4 /usr/lib/python3.9/site-packages/iniparse/__init__.py
2025-09-28T11:23:45.139255+00:00 DEBUG 'ansible_navigator.main' jsonschema==4.16.0 /usr/lib/python3.9/site-packages/jsonschema/__init__.py
2025-09-28T11:23:45.139291+00:00 DEBUG 'ansible_navigator.main' lockfile==0.12.2 /usr/lib/python3.9/site-packages/lockfile/__init__.py
2025-09-28T11:23:45.139317+00:00 DEBUG 'ansible_navigator.main' nftables==0.1 /usr/lib/python3.9/site-packages/nftables/__init__.py
2025-09-28T11:23:45.139343+00:00 DEBUG 'ansible_navigator.main' onigurumacffi==1.1.0 /usr/lib64/python3.9/site-packages/onigurumacffi.py
2025-09-28T11:23:45.139369+00:00 DEBUG 'ansible_navigator.main' packaging==21.3 /usr/lib/python3.9/site-packages/packaging/__init__.py
2025-09-28T11:23:45.139395+00:00 DEBUG 'ansible_navigator.main' pbr==5.8.1 /usr/lib/python3.9/site-packages/pbr/__init__.py
2025-09-28T11:23:45.139420+00:00 DEBUG 'ansible_navigator.main' pycparser==2.21 /usr/lib/python3.9/site-packages/pycparser/__init__.py
2025-09-28T11:23:45.139446+00:00 DEBUG 'ansible_navigator.main' pyinotify==0.9.6 /usr/lib/python3.9/site-packages/pyinotify.py
2025-09-28T11:23:45.139488+00:00 DEBUG 'ansible_navigator.main' pyrsistent==0.17.3 /usr/lib64/python3.9/site-packages/pyrsistent/__init__.py
2025-09-28T11:23:45.139522+00:00 DEBUG 'ansible_navigator.main' python-daemon==2.3.0 
2025-09-28T11:23:45.139556+00:00 DEBUG 'ansible_navigator.main' python-dateutil==2.8.1 
2025-09-28T11:23:45.139587+00:00 DEBUG 'ansible_navigator.main' requests==2.25.1 /usr/lib/python3.9/site-packages/requests/__init__.py
2025-09-28T11:23:45.139619+00:00 DEBUG 'ansible_navigator.main' requirements-parser==0.2.0 
2025-09-28T11:23:45.139757+00:00 DEBUG 'ansible_navigator.main' resolvelib==0.5.4 /usr/lib/python3.9/site-packages/resolvelib/__init__.py
2025-09-28T11:23:45.139855+00:00 DEBUG 'ansible_navigator.main' selinux==3.6 /usr/lib64/python3.9/site-packages/selinux/__init__.py
2025-09-28T11:23:45.139908+00:00 DEBUG 'ansible_navigator.main' sepolicy==3.6 /usr/lib/python3.9/site-packages/sepolicy/__init__.py
2025-09-28T11:23:45.139947+00:00 DEBUG 'ansible_navigator.main' setools==4.4.4 /usr/lib64/python3.9/site-packages/setools/__init__.py
2025-09-28T11:23:45.139978+00:00 DEBUG 'ansible_navigator.main' setuptools==53.0.0 /usr/lib/python3.9/site-packages/setuptools/__init__.py
2025-09-28T11:23:45.140017+00:00 DEBUG 'ansible_navigator.main' six==1.15.0 /usr/lib/python3.9/site-packages/six.py
2025-09-28T11:23:45.140045+00:00 DEBUG 'ansible_navigator.main' subscription-manager==1.29.45 
2025-09-28T11:23:45.140073+00:00 DEBUG 'ansible_navigator.main' urllib3==1.26.5 /usr/lib/python3.9/site-packages/urllib3/__init__.py
2025-09-28T11:23:45.140105+00:00 DEBUG 'ansible_navigator.main' zipp==3.19.2 /usr/lib/python3.9/site-packages/zipp/__init__.py
2025-09-28T11:23:45.140135+00:00 DEBUG 'ansible_navigator.main' Default collection_doc_cache_path set to: /root/.cache/ansible-navigator/collection_doc_cache.db
2025-09-28T11:23:45.140160+00:00 DEBUG 'ansible_navigator.main' EDITOR environment variable not set
2025-09-28T11:23:45.140186+00:00 DEBUG 'ansible_navigator.main' Default editor_command set to: vi +{line_number} {filename}
2025-09-28T11:23:45.140214+00:00 DEBUG 'ansible_navigator.main' No config file set by ANSIBLE_NAVIGATOR_CONFIG
2025-09-28T11:23:45.140241+00:00 DEBUG 'ansible_navigator.main' Looking in /root
2025-09-28T11:23:45.140271+00:00 DEBUG 'ansible_navigator.main' Looking for '/root/.ansible-navigator.yml', '/root/.ansible-navigator.yaml' and '/root/.ansible-navigator.json'
2025-09-28T11:23:45.140300+00:00 DEBUG 'ansible_navigator.main' Found 1: '/root/.ansible-navigator.yml'
2025-09-28T11:23:45.140325+00:00 DEBUG 'ansible_navigator.main' Looking in /root/ansible-project/roles/common
2025-09-28T11:23:45.140349+00:00 DEBUG 'ansible_navigator.main' Looking for '/root/ansible-project/roles/common/ansible-navigator.yml', '/root/ansible-project/roles/common/ansible-navigator.yaml' and '/root/ansible-project/roles/common/ansible-navigator.json'
2025-09-28T11:23:45.140374+00:00 DEBUG 'ansible_navigator.main' Found 0: 
2025-09-28T11:23:45.140399+00:00 DEBUG 'ansible_navigator.main' All found 1: '/root/.ansible-navigator.yml'
2025-09-28T11:23:45.140423+00:00 DEBUG 'ansible_navigator.main' Using: /root/.ansible-navigator.yml
2025-09-28T11:23:45.140447+00:00 DEBUG 'ansible_navigator.main' Using settings file at /root/.ansible-navigator.yml in search path
2025-09-28T11:23:45.140471+00:00 DEBUG 'ansible_navigator.main' Command provided: 'doc -m stdout user'
2025-09-28T11:23:45.140499+00:00 WARNING 'ansible_navigator.main' Configuration errors encountered, rolling back to previous configuration.
2025-09-28T11:23:45.140524+00:00 DEBUG 'ansible_navigator.main' Prior to rollback: ansible_runner_artifact_dir = 'Not set' (Constants/Not set)
2025-09-28T11:23:45.140549+00:00 DEBUG 'ansible_navigator.main' Prior to rollback: ansible_runner_rotate_artifacts_count = 'Not set' (Constants/Not set)
2025-09-28T11:23:45.140574+00:00 DEBUG 'ansible_navigator.main' Prior to rollback: ansible_runner_timeout = 'Not set' (Constants/Not set)
2025-09-28T11:23:45.140598+00:00 DEBUG 'ansible_navigator.main' Prior to rollback: ansible_runner_write_job_events = 'False' (bool/Defaults)
2025-09-28T11:23:45.140632+00:00 DEBUG 'ansible_navigator.main' Prior to rollback: app = 'doc' (str/Command line)
2025-09-28T11:23:45.140666+00:00 DEBUG 'ansible_navigator.main' Prior to rollback: cmdline = 'Not set' (Constants/Not set)
2025-09-28T11:23:45.140692+00:00 DEBUG 'ansible_navigator.main' Prior to rollback: collection_doc_cache_path = '/root/.cache/ansible-navigator/collection_doc_cache.db' (str/Defaults)
2025-09-28T11:23:45.140748+00:00 DEBUG 'ansible_navigator.main' Prior to rollback: config = 'Not set' (Constants/Not set)
2025-09-28T11:23:45.140780+00:00 DEBUG 'ansible_navigator.main' Prior to rollback: container_engine = 'auto' (str/Defaults)
2025-09-28T11:23:45.140808+00:00 DEBUG 'ansible_navigator.main' Prior to rollback: container_options = 'Not set' (Constants/Not set)
2025-09-28T11:23:45.140834+00:00 DEBUG 'ansible_navigator.main' Prior to rollback: display_color = 'True' (bool/Defaults)
2025-09-28T11:23:45.140859+00:00 DEBUG 'ansible_navigator.main' Prior to rollback: editor_command = 'vi +{line_number} {filename}' (str/Defaults)
2025-09-28T11:23:45.140885+00:00 DEBUG 'ansible_navigator.main' Prior to rollback: editor_console = 'True' (bool/Defaults)
2025-09-28T11:23:45.140911+00:00 DEBUG 'ansible_navigator.main' Prior to rollback: enable_prompts = 'False' (bool/Defaults)
2025-09-28T11:23:45.140936+00:00 DEBUG 'ansible_navigator.main' Prior to rollback: exec_command = '/bin/bash' (str/Defaults)
2025-09-28T11:23:45.140961+00:00 DEBUG 'ansible_navigator.main' Prior to rollback: exec_shell = 'True' (bool/Defaults)
2025-09-28T11:23:45.140986+00:00 DEBUG 'ansible_navigator.main' Prior to rollback: execution_environment = 'True' (bool/Defaults)
2025-09-28T11:23:45.141011+00:00 DEBUG 'ansible_navigator.main' Prior to rollback: execution_environment_image = 'registry.redhat.io/ansible-automation-platform-24/ee-supported-rhel8:latest' (str/Defaults)
2025-09-28T11:23:45.141035+00:00 DEBUG 'ansible_navigator.main' Prior to rollback: execution_environment_volume_mounts = 'Not set' (Constants/Not set)
2025-09-28T11:23:45.141060+00:00 DEBUG 'ansible_navigator.main' Prior to rollback: format = 'yaml' (str/Defaults)
2025-09-28T11:23:45.141083+00:00 DEBUG 'ansible_navigator.main' Prior to rollback: help_builder = 'False' (bool/Defaults)
2025-09-28T11:23:45.141107+00:00 DEBUG 'ansible_navigator.main' Prior to rollback: help_config = 'False' (bool/Defaults)
2025-09-28T11:23:45.141131+00:00 DEBUG 'ansible_navigator.main' Prior to rollback: help_doc = 'False' (bool/Defaults)
2025-09-28T11:23:45.141155+00:00 DEBUG 'ansible_navigator.main' Prior to rollback: help_inventory = 'False' (bool/Defaults)
2025-09-28T11:23:45.141179+00:00 DEBUG 'ansible_navigator.main' Prior to rollback: help_playbook = 'False' (bool/Defaults)
2025-09-28T11:23:45.141202+00:00 DEBUG 'ansible_navigator.main' Prior to rollback: images_details = '['everything']' (list/Defaults)
2025-09-28T11:23:45.141226+00:00 DEBUG 'ansible_navigator.main' Prior to rollback: inventory = 'Not set' (Constants/Not set)
2025-09-28T11:23:45.141249+00:00 DEBUG 'ansible_navigator.main' Prior to rollback: inventory_column = 'Not set' (Constants/Not set)
2025-09-28T11:23:45.141273+00:00 DEBUG 'ansible_navigator.main' Prior to rollback: lint_config = 'Not set' (Constants/Not set)
2025-09-28T11:23:45.141297+00:00 DEBUG 'ansible_navigator.main' Prior to rollback: lintables = 'Not set' (Constants/Not set)
2025-09-28T11:23:45.141321+00:00 DEBUG 'ansible_navigator.main' Prior to rollback: log_append = 'True' (bool/Defaults)
2025-09-28T11:23:45.141345+00:00 DEBUG 'ansible_navigator.main' Prior to rollback: log_file = '/root/ansible-project/roles/common/ansible-navigator.log' (str/Defaults)
2025-09-28T11:23:45.141368+00:00 DEBUG 'ansible_navigator.main' Prior to rollback: log_level = 'warning' (str/Defaults)
2025-09-28T11:23:45.141392+00:00 DEBUG 'ansible_navigator.main' Prior to rollback: mode = 'stdout' (str/Command line)
2025-09-28T11:23:45.141416+00:00 DEBUG 'ansible_navigator.main' Prior to rollback: osc4 = 'True' (bool/Defaults)
2025-09-28T11:23:45.141446+00:00 DEBUG 'ansible_navigator.main' Prior to rollback: pass_environment_variable = 'Not set' (Constants/Not set)
2025-09-28T11:23:45.141471+00:00 DEBUG 'ansible_navigator.main' Prior to rollback: playbook = 'Not set' (Constants/Not set)
2025-09-28T11:23:45.141495+00:00 DEBUG 'ansible_navigator.main' Prior to rollback: playbook_artifact_enable = 'True' (bool/Defaults)
2025-09-28T11:23:45.141519+00:00 DEBUG 'ansible_navigator.main' Prior to rollback: playbook_artifact_replay = 'Not set' (Constants/Not set)
2025-09-28T11:23:45.141542+00:00 DEBUG 'ansible_navigator.main' Prior to rollback: playbook_artifact_save_as = '{playbook_dir}/{playbook_name}-artifact-{time_stamp}.json' (str/Defaults)
2025-09-28T11:23:45.141567+00:00 DEBUG 'ansible_navigator.main' Prior to rollback: plugin_name = 'user' (str/Command line)
2025-09-28T11:23:45.141590+00:00 DEBUG 'ansible_navigator.main' Prior to rollback: plugin_type = 'module' (str/Defaults)
2025-09-28T11:23:45.141623+00:00 DEBUG 'ansible_navigator.main' Prior to rollback: pull_arguments = 'Not set' (Constants/Not set)
2025-09-28T11:23:45.141646+00:00 DEBUG 'ansible_navigator.main' Prior to rollback: pull_policy = 'tag' (str/Defaults)
2025-09-28T11:23:45.141669+00:00 DEBUG 'ansible_navigator.main' Prior to rollback: set_environment_variable = 'Not set' (Constants/Not set)
2025-09-28T11:23:45.141692+00:00 DEBUG 'ansible_navigator.main' Prior to rollback: settings_effective = 'False' (bool/Defaults)
2025-09-28T11:23:45.141714+00:00 DEBUG 'ansible_navigator.main' Prior to rollback: settings_sample = 'False' (bool/Defaults)
2025-09-28T11:23:45.141737+00:00 DEBUG 'ansible_navigator.main' Prior to rollback: settings_schema = 'json' (str/Defaults)
2025-09-28T11:23:45.141771+00:00 DEBUG 'ansible_navigator.main' Prior to rollback: settings_sources = 'False' (bool/Defaults)
2025-09-28T11:23:45.141804+00:00 DEBUG 'ansible_navigator.main' Prior to rollback: time_zone = 'UTC' (str/Defaults)
2025-09-28T11:23:45.141829+00:00 DEBUG 'ansible_navigator.main' Prior to rollback: workdir = '/root/ansible-project/roles/common' (str/Defaults)
2025-09-28T11:23:45.141853+00:00 DEBUG 'ansible_navigator.main' After rollback: ansible_runner_artifact_dir = 'Not set' (Constants/Not set)
2025-09-28T11:23:45.141876+00:00 DEBUG 'ansible_navigator.main' After rollback: ansible_runner_rotate_artifacts_count = 'Not set' (Constants/Not set)
2025-09-28T11:23:45.141899+00:00 DEBUG 'ansible_navigator.main' After rollback: ansible_runner_timeout = 'Not set' (Constants/Not set)
2025-09-28T11:23:45.141922+00:00 DEBUG 'ansible_navigator.main' After rollback: ansible_runner_write_job_events = 'Not set' (Constants/Not set)
2025-09-28T11:23:45.141944+00:00 DEBUG 'ansible_navigator.main' After rollback: app = 'Not set' (Constants/Not set)
2025-09-28T11:23:45.141967+00:00 DEBUG 'ansible_navigator.main' After rollback: cmdline = 'Not set' (Constants/Not set)
2025-09-28T11:23:45.141990+00:00 DEBUG 'ansible_navigator.main' After rollback: collection_doc_cache_path = 'Not set' (Constants/Not set)
2025-09-28T11:23:45.142013+00:00 DEBUG 'ansible_navigator.main' After rollback: config = 'Not set' (Constants/Not set)
2025-09-28T11:23:45.142035+00:00 DEBUG 'ansible_navigator.main' After rollback: container_engine = 'Not set' (Constants/Not set)
2025-09-28T11:23:45.142058+00:00 DEBUG 'ansible_navigator.main' After rollback: container_options = 'Not set' (Constants/Not set)
2025-09-28T11:23:45.142081+00:00 DEBUG 'ansible_navigator.main' After rollback: display_color = 'Not set' (Constants/Not set)
2025-09-28T11:23:45.142103+00:00 DEBUG 'ansible_navigator.main' After rollback: editor_command = 'Not set' (Constants/Not set)
2025-09-28T11:23:45.142126+00:00 DEBUG 'ansible_navigator.main' After rollback: editor_console = 'Not set' (Constants/Not set)
2025-09-28T11:23:45.142149+00:00 DEBUG 'ansible_navigator.main' After rollback: enable_prompts = 'Not set' (Constants/Not set)
2025-09-28T11:23:45.142172+00:00 DEBUG 'ansible_navigator.main' After rollback: exec_command = 'Not set' (Constants/Not set)
2025-09-28T11:23:45.142201+00:00 DEBUG 'ansible_navigator.main' After rollback: exec_shell = 'Not set' (Constants/Not set)
2025-09-28T11:23:45.142226+00:00 DEBUG 'ansible_navigator.main' After rollback: execution_environment = 'Not set' (Constants/Not set)
2025-09-28T11:23:45.142249+00:00 DEBUG 'ansible_navigator.main' After rollback: execution_environment_image = 'Not set' (Constants/Not set)
2025-09-28T11:23:45.142272+00:00 DEBUG 'ansible_navigator.main' After rollback: execution_environment_volume_mounts = 'Not set' (Constants/Not set)
2025-09-28T11:23:45.142295+00:00 DEBUG 'ansible_navigator.main' After rollback: format = 'Not set' (Constants/Not set)
2025-09-28T11:23:45.142318+00:00 DEBUG 'ansible_navigator.main' After rollback: help_builder = 'Not set' (Constants/Not set)
2025-09-28T11:23:45.142341+00:00 DEBUG 'ansible_navigator.main' After rollback: help_config = 'Not set' (Constants/Not set)
2025-09-28T11:23:45.142365+00:00 DEBUG 'ansible_navigator.main' After rollback: help_doc = 'Not set' (Constants/Not set)
2025-09-28T11:23:45.142387+00:00 DEBUG 'ansible_navigator.main' After rollback: help_inventory = 'Not set' (Constants/Not set)
2025-09-28T11:23:45.142411+00:00 DEBUG 'ansible_navigator.main' After rollback: help_playbook = 'Not set' (Constants/Not set)
2025-09-28T11:23:45.142434+00:00 DEBUG 'ansible_navigator.main' After rollback: images_details = 'Not set' (Constants/Not set)
2025-09-28T11:23:45.142457+00:00 DEBUG 'ansible_navigator.main' After rollback: inventory = 'Not set' (Constants/Not set)
2025-09-28T11:23:45.142479+00:00 DEBUG 'ansible_navigator.main' After rollback: inventory_column = 'Not set' (Constants/Not set)
2025-09-28T11:23:45.142502+00:00 DEBUG 'ansible_navigator.main' After rollback: lint_config = 'Not set' (Constants/Not set)
2025-09-28T11:23:45.142525+00:00 DEBUG 'ansible_navigator.main' After rollback: lintables = 'Not set' (Constants/Not set)
2025-09-28T11:23:45.142549+00:00 DEBUG 'ansible_navigator.main' After rollback: log_append = 'Not set' (Constants/Not set)
2025-09-28T11:23:45.142571+00:00 DEBUG 'ansible_navigator.main' After rollback: log_file = 'Not set' (Constants/Not set)
2025-09-28T11:23:45.142595+00:00 DEBUG 'ansible_navigator.main' After rollback: log_level = 'Not set' (Constants/Not set)
2025-09-28T11:23:45.142618+00:00 DEBUG 'ansible_navigator.main' After rollback: mode = 'Not set' (Constants/Not set)
2025-09-28T11:23:45.142641+00:00 DEBUG 'ansible_navigator.main' After rollback: osc4 = 'Not set' (Constants/Not set)
2025-09-28T11:23:45.142664+00:00 DEBUG 'ansible_navigator.main' After rollback: pass_environment_variable = 'Not set' (Constants/Not set)
2025-09-28T11:23:45.142687+00:00 DEBUG 'ansible_navigator.main' After rollback: playbook = 'Not set' (Constants/Not set)
2025-09-28T11:23:45.142710+00:00 DEBUG 'ansible_navigator.main' After rollback: playbook_artifact_enable = 'Not set' (Constants/Not set)
2025-09-28T11:23:45.142733+00:00 DEBUG 'ansible_navigator.main' After rollback: playbook_artifact_replay = 'Not set' (Constants/Not set)
2025-09-28T11:23:45.142756+00:00 DEBUG 'ansible_navigator.main' After rollback: playbook_artifact_save_as = 'Not set' (Constants/Not set)
2025-09-28T11:23:45.142779+00:00 DEBUG 'ansible_navigator.main' After rollback: plugin_name = 'Not set' (Constants/Not set)
2025-09-28T11:23:45.142818+00:00 DEBUG 'ansible_navigator.main' After rollback: plugin_type = 'Not set' (Constants/Not set)
2025-09-28T11:23:45.142846+00:00 DEBUG 'ansible_navigator.main' After rollback: pull_arguments = 'Not set' (Constants/Not set)
2025-09-28T11:23:45.142870+00:00 DEBUG 'ansible_navigator.main' After rollback: pull_policy = 'Not set' (Constants/Not set)
2025-09-28T11:23:45.142893+00:00 DEBUG 'ansible_navigator.main' After rollback: set_environment_variable = 'Not set' (Constants/Not set)
2025-09-28T11:23:45.142916+00:00 DEBUG 'ansible_navigator.main' After rollback: settings_effective = 'Not set' (Constants/Not set)
2025-09-28T11:23:45.142939+00:00 DEBUG 'ansible_navigator.main' After rollback: settings_sample = 'Not set' (Constants/Not set)
2025-09-28T11:23:45.142968+00:00 DEBUG 'ansible_navigator.main' After rollback: settings_schema = 'Not set' (Constants/Not set)
2025-09-28T11:23:45.142992+00:00 DEBUG 'ansible_navigator.main' After rollback: settings_sources = 'Not set' (Constants/Not set)
2025-09-28T11:23:45.143015+00:00 DEBUG 'ansible_navigator.main' After rollback: time_zone = 'Not set' (Constants/Not set)
2025-09-28T11:23:45.143038+00:00 DEBUG 'ansible_navigator.main' After rollback: workdir = 'Not set' (Constants/Not set)
2025-09-28T11:23:45.143061+00:00 DEBUG 'ansible_navigator.main' Configuration rollback complete.
2025-09-28T11:23:45.143084+00:00 DEBUG 'ansible_navigator.main' Collection doc cache not mounted
2025-09-28T11:23:45.143119+00:00 WARNING 'ansible_navigator.main' Issues were found while applying the settings.
2025-09-28T11:23:45.143149+00:00 INFO 'ansible_navigator.main' Command provided: 'doc -m stdout user'
2025-09-28T11:23:45.143181+00:00 ERROR 'ansible_navigator.main' The following errors were found in the settings file (/root/.ansible-navigator.yml):
2025-09-28T11:23:45.143211+00:00 ERROR 'ansible_navigator.main' In 'ansible-navigator': Additional properties are not allowed ('excution-environment' was unexpected).
2025-09-28T11:23:45.143241+00:00 INFO 'ansible_navigator.main' Check the settings file and compare it to the current version.
2025-09-28T11:23:45.143270+00:00 INFO 'ansible_navigator.main' The current version can be found here: (https://ansible-navigator.readthedocs.io/en/latest/settings/#ansible-navigator-settings)
2025-09-28T11:23:45.143297+00:00 INFO 'ansible_navigator.main' The schema used for validation can be seen with 'ansible-navigator settings --schema'
2025-09-28T11:23:45.143324+00:00 INFO 'ansible_navigator.main' A sample settings file can be created with 'ansible-navigator settings --sample'
2025-09-28T11:23:45.143352+00:00 INFO 'ansible_navigator.main' Configuration failed, using default log file location. (/root/ansible-project/roles/common/ansible-navigator.log) Log level set to debug
2025-09-28T11:23:45.143378+00:00 INFO 'ansible_navigator.main' Review the hints and log file to see what went wrong.
2025-09-28T11:26:53.129133+00:00 INFO 'ansible_navigator.setup_logger' New ansible-navigator instance, logging initialized
2025-09-28T11:26:53.129542+00:00 INFO 'ansible_navigator.setup_logger' New ansible-runner instance, logging initialized
2025-09-28T11:26:53.129597+00:00 DEBUG 'ansible_navigator.main' MarkupSafe==2.1.0 
2025-09-28T11:26:53.129633+00:00 DEBUG 'ansible_navigator.main' PySocks==1.7.1 
2025-09-28T11:26:53.129664+00:00 DEBUG 'ansible_navigator.main' PyYAML==5.4.1 
2025-09-28T11:26:53.129693+00:00 DEBUG 'ansible_navigator.main' ansible-builder==3.0.1 
2025-09-28T11:26:53.129721+00:00 DEBUG 'ansible_navigator.main' ansible-core==2.15.13 
2025-09-28T11:26:53.129747+00:00 DEBUG 'ansible_navigator.main' ansible-navigator==3.4.1 
2025-09-28T11:26:53.129773+00:00 DEBUG 'ansible_navigator.main' ansible-runner==2.3.6 
2025-09-28T11:26:53.129799+00:00 DEBUG 'ansible_navigator.main' attrs==21.4.0 /usr/lib/python3.9/site-packages/attrs/__init__.py
2025-09-28T11:26:53.129824+00:00 DEBUG 'ansible_navigator.main' bindep==2.10.2 /usr/lib/python3.9/site-packages/bindep/__init__.py
2025-09-28T11:26:53.129850+00:00 DEBUG 'ansible_navigator.main' cffi==1.15.0 /usr/lib64/python3.9/site-packages/cffi/__init__.py
2025-09-28T11:26:53.129876+00:00 DEBUG 'ansible_navigator.main' chardet==4.0.0 /usr/lib/python3.9/site-packages/chardet/__init__.py
2025-09-28T11:26:53.129903+00:00 DEBUG 'ansible_navigator.main' cryptography==42.0.5 /usr/lib64/python3.9/site-packages/cryptography/__init__.py
2025-09-28T11:26:53.129930+00:00 DEBUG 'ansible_navigator.main' dbus-python==1.2.18 
2025-09-28T11:26:53.129959+00:00 DEBUG 'ansible_navigator.main' decorator==4.4.2 /usr/lib/python3.9/site-packages/decorator.py
2025-09-28T11:26:53.129987+00:00 DEBUG 'ansible_navigator.main' distro==1.5.0 /usr/lib/python3.9/site-packages/distro.py
2025-09-28T11:26:53.130013+00:00 DEBUG 'ansible_navigator.main' docutils==0.16 /usr/lib/python3.9/site-packages/docutils/__init__.py
2025-09-28T11:26:53.130054+00:00 DEBUG 'ansible_navigator.main' file-magic==0.4.0 
2025-09-28T11:26:53.130096+00:00 DEBUG 'ansible_navigator.main' idna==2.10 /usr/lib/python3.9/site-packages/idna/__init__.py
2025-09-28T11:26:53.130122+00:00 DEBUG 'ansible_navigator.main' importlib-metadata==6.0.1 
2025-09-28T11:26:53.130149+00:00 DEBUG 'ansible_navigator.main' importlib-resources==5.0.7 
2025-09-28T11:26:53.130176+00:00 DEBUG 'ansible_navigator.main' iniparse==0.4 /usr/lib/python3.9/site-packages/iniparse/__init__.py
2025-09-28T11:26:53.130264+00:00 DEBUG 'ansible_navigator.main' jsonschema==4.16.0 /usr/lib/python3.9/site-packages/jsonschema/__init__.py
2025-09-28T11:26:53.130296+00:00 DEBUG 'ansible_navigator.main' lockfile==0.12.2 /usr/lib/python3.9/site-packages/lockfile/__init__.py
2025-09-28T11:26:53.130322+00:00 DEBUG 'ansible_navigator.main' nftables==0.1 /usr/lib/python3.9/site-packages/nftables/__init__.py
2025-09-28T11:26:53.130348+00:00 DEBUG 'ansible_navigator.main' onigurumacffi==1.1.0 /usr/lib64/python3.9/site-packages/onigurumacffi.py
2025-09-28T11:26:53.130384+00:00 DEBUG 'ansible_navigator.main' packaging==21.3 /usr/lib/python3.9/site-packages/packaging/__init__.py
2025-09-28T11:26:53.130416+00:00 DEBUG 'ansible_navigator.main' pbr==5.8.1 /usr/lib/python3.9/site-packages/pbr/__init__.py
2025-09-28T11:26:53.130441+00:00 DEBUG 'ansible_navigator.main' pycparser==2.21 /usr/lib/python3.9/site-packages/pycparser/__init__.py
2025-09-28T11:26:53.130466+00:00 DEBUG 'ansible_navigator.main' pyinotify==0.9.6 /usr/lib/python3.9/site-packages/pyinotify.py
2025-09-28T11:26:53.130491+00:00 DEBUG 'ansible_navigator.main' pyrsistent==0.17.3 /usr/lib64/python3.9/site-packages/pyrsistent/__init__.py
2025-09-28T11:26:53.130515+00:00 DEBUG 'ansible_navigator.main' python-daemon==2.3.0 
2025-09-28T11:26:53.130541+00:00 DEBUG 'ansible_navigator.main' python-dateutil==2.8.1 
2025-09-28T11:26:53.130565+00:00 DEBUG 'ansible_navigator.main' requests==2.25.1 /usr/lib/python3.9/site-packages/requests/__init__.py
2025-09-28T11:26:53.130590+00:00 DEBUG 'ansible_navigator.main' requirements-parser==0.2.0 
2025-09-28T11:26:53.130615+00:00 DEBUG 'ansible_navigator.main' resolvelib==0.5.4 /usr/lib/python3.9/site-packages/resolvelib/__init__.py
2025-09-28T11:26:53.130640+00:00 DEBUG 'ansible_navigator.main' selinux==3.6 /usr/lib64/python3.9/site-packages/selinux/__init__.py
2025-09-28T11:26:53.130665+00:00 DEBUG 'ansible_navigator.main' sepolicy==3.6 /usr/lib/python3.9/site-packages/sepolicy/__init__.py
2025-09-28T11:26:53.130689+00:00 DEBUG 'ansible_navigator.main' setools==4.4.4 /usr/lib64/python3.9/site-packages/setools/__init__.py
2025-09-28T11:26:53.130714+00:00 DEBUG 'ansible_navigator.main' setuptools==53.0.0 /usr/lib/python3.9/site-packages/setuptools/__init__.py
2025-09-28T11:26:53.130739+00:00 DEBUG 'ansible_navigator.main' six==1.15.0 /usr/lib/python3.9/site-packages/six.py
2025-09-28T11:26:53.130764+00:00 DEBUG 'ansible_navigator.main' subscription-manager==1.29.45 
2025-09-28T11:26:53.130788+00:00 DEBUG 'ansible_navigator.main' urllib3==1.26.5 /usr/lib/python3.9/site-packages/urllib3/__init__.py
2025-09-28T11:26:53.130812+00:00 DEBUG 'ansible_navigator.main' zipp==3.19.2 /usr/lib/python3.9/site-packages/zipp/__init__.py
2025-09-28T11:26:53.130837+00:00 DEBUG 'ansible_navigator.main' Default collection_doc_cache_path set to: /root/.cache/ansible-navigator/collection_doc_cache.db
2025-09-28T11:26:53.130861+00:00 DEBUG 'ansible_navigator.main' EDITOR environment variable not set
2025-09-28T11:26:53.130886+00:00 DEBUG 'ansible_navigator.main' Default editor_command set to: vi +{line_number} {filename}
2025-09-28T11:26:53.130929+00:00 DEBUG 'ansible_navigator.main' No config file set by ANSIBLE_NAVIGATOR_CONFIG
2025-09-28T11:26:53.130961+00:00 DEBUG 'ansible_navigator.main' Looking in /root
2025-09-28T11:26:53.130988+00:00 DEBUG 'ansible_navigator.main' Looking for '/root/.ansible-navigator.yml', '/root/.ansible-navigator.yaml' and '/root/.ansible-navigator.json'
2025-09-28T11:26:53.131014+00:00 DEBUG 'ansible_navigator.main' Found 1: '/root/.ansible-navigator.yml'
2025-09-28T11:26:53.131047+00:00 DEBUG 'ansible_navigator.main' Looking in /root/ansible-project/roles/common
2025-09-28T11:26:53.131075+00:00 DEBUG 'ansible_navigator.main' Looking for '/root/ansible-project/roles/common/ansible-navigator.yml', '/root/ansible-project/roles/common/ansible-navigator.yaml' and '/root/ansible-project/roles/common/ansible-navigator.json'
2025-09-28T11:26:53.131103+00:00 DEBUG 'ansible_navigator.main' Found 0: 
2025-09-28T11:26:53.131128+00:00 DEBUG 'ansible_navigator.main' All found 1: '/root/.ansible-navigator.yml'
2025-09-28T11:26:53.131153+00:00 DEBUG 'ansible_navigator.main' Using: /root/.ansible-navigator.yml
2025-09-28T11:26:53.131179+00:00 DEBUG 'ansible_navigator.main' Using settings file at /root/.ansible-navigator.yml in search path
2025-09-28T11:26:53.131204+00:00 DEBUG 'ansible_navigator.main' Command provided: 'doc -m stdout user'
2025-09-28T11:26:53.131233+00:00 WARNING 'ansible_navigator.main' Configuration errors encountered, rolling back to previous configuration.
2025-09-28T11:26:53.131259+00:00 DEBUG 'ansible_navigator.main' Prior to rollback: ansible_runner_artifact_dir = 'Not set' (Constants/Not set)
2025-09-28T11:26:53.131285+00:00 DEBUG 'ansible_navigator.main' Prior to rollback: ansible_runner_rotate_artifacts_count = 'Not set' (Constants/Not set)
2025-09-28T11:26:53.131310+00:00 DEBUG 'ansible_navigator.main' Prior to rollback: ansible_runner_timeout = 'Not set' (Constants/Not set)
2025-09-28T11:26:53.131335+00:00 DEBUG 'ansible_navigator.main' Prior to rollback: ansible_runner_write_job_events = 'False' (bool/Defaults)
2025-09-28T11:26:53.131360+00:00 DEBUG 'ansible_navigator.main' Prior to rollback: app = 'doc' (str/Command line)
2025-09-28T11:26:53.131384+00:00 DEBUG 'ansible_navigator.main' Prior to rollback: cmdline = 'Not set' (Constants/Not set)
2025-09-28T11:26:53.131412+00:00 DEBUG 'ansible_navigator.main' Prior to rollback: collection_doc_cache_path = '/root/.cache/ansible-navigator/collection_doc_cache.db' (str/Defaults)
2025-09-28T11:26:53.131437+00:00 DEBUG 'ansible_navigator.main' Prior to rollback: config = 'Not set' (Constants/Not set)
2025-09-28T11:26:53.131462+00:00 DEBUG 'ansible_navigator.main' Prior to rollback: container_engine = 'auto' (str/Defaults)
2025-09-28T11:26:53.131486+00:00 DEBUG 'ansible_navigator.main' Prior to rollback: container_options = 'Not set' (Constants/Not set)
2025-09-28T11:26:53.131511+00:00 DEBUG 'ansible_navigator.main' Prior to rollback: display_color = 'True' (bool/Defaults)
2025-09-28T11:26:53.131535+00:00 DEBUG 'ansible_navigator.main' Prior to rollback: editor_command = 'vi +{line_number} {filename}' (str/Defaults)
2025-09-28T11:26:53.131560+00:00 DEBUG 'ansible_navigator.main' Prior to rollback: editor_console = 'True' (bool/Defaults)
2025-09-28T11:26:53.131585+00:00 DEBUG 'ansible_navigator.main' Prior to rollback: enable_prompts = 'False' (bool/Defaults)
2025-09-28T11:26:53.131609+00:00 DEBUG 'ansible_navigator.main' Prior to rollback: exec_command = '/bin/bash' (str/Defaults)
2025-09-28T11:26:53.131634+00:00 DEBUG 'ansible_navigator.main' Prior to rollback: exec_shell = 'True' (bool/Defaults)
2025-09-28T11:26:53.131658+00:00 DEBUG 'ansible_navigator.main' Prior to rollback: execution_environment = 'True' (bool/Defaults)
2025-09-28T11:26:53.131683+00:00 DEBUG 'ansible_navigator.main' Prior to rollback: execution_environment_image = 'registry.redhat.io/ansible-automation-platform-24/ee-supported-rhel8:latest' (str/Defaults)
2025-09-28T11:26:53.131707+00:00 DEBUG 'ansible_navigator.main' Prior to rollback: execution_environment_volume_mounts = 'Not set' (Constants/Not set)
2025-09-28T11:26:53.131731+00:00 DEBUG 'ansible_navigator.main' Prior to rollback: format = 'yaml' (str/Defaults)
2025-09-28T11:26:53.131755+00:00 DEBUG 'ansible_navigator.main' Prior to rollback: help_builder = 'False' (bool/Defaults)
2025-09-28T11:26:53.131779+00:00 DEBUG 'ansible_navigator.main' Prior to rollback: help_config = 'False' (bool/Defaults)
2025-09-28T11:26:53.131804+00:00 DEBUG 'ansible_navigator.main' Prior to rollback: help_doc = 'False' (bool/Defaults)
2025-09-28T11:26:53.131834+00:00 DEBUG 'ansible_navigator.main' Prior to rollback: help_inventory = 'False' (bool/Defaults)
2025-09-28T11:26:53.131860+00:00 DEBUG 'ansible_navigator.main' Prior to rollback: help_playbook = 'False' (bool/Defaults)
2025-09-28T11:26:53.131884+00:00 DEBUG 'ansible_navigator.main' Prior to rollback: images_details = '['everything']' (list/Defaults)
2025-09-28T11:26:53.131907+00:00 DEBUG 'ansible_navigator.main' Prior to rollback: inventory = 'Not set' (Constants/Not set)
2025-09-28T11:26:53.131931+00:00 DEBUG 'ansible_navigator.main' Prior to rollback: inventory_column = 'Not set' (Constants/Not set)
2025-09-28T11:26:53.131955+00:00 DEBUG 'ansible_navigator.main' Prior to rollback: lint_config = 'Not set' (Constants/Not set)
2025-09-28T11:26:53.131979+00:00 DEBUG 'ansible_navigator.main' Prior to rollback: lintables = 'Not set' (Constants/Not set)
2025-09-28T11:26:53.132002+00:00 DEBUG 'ansible_navigator.main' Prior to rollback: log_append = 'True' (bool/Defaults)
2025-09-28T11:26:53.132026+00:00 DEBUG 'ansible_navigator.main' Prior to rollback: log_file = '/root/ansible-project/roles/common/ansible-navigator.log' (str/Defaults)
2025-09-28T11:26:53.132049+00:00 DEBUG 'ansible_navigator.main' Prior to rollback: log_level = 'warning' (str/Defaults)
2025-09-28T11:26:53.132073+00:00 DEBUG 'ansible_navigator.main' Prior to rollback: mode = 'stdout' (str/Command line)
2025-09-28T11:26:53.132097+00:00 DEBUG 'ansible_navigator.main' Prior to rollback: osc4 = 'True' (bool/Defaults)
2025-09-28T11:26:53.132121+00:00 DEBUG 'ansible_navigator.main' Prior to rollback: pass_environment_variable = 'Not set' (Constants/Not set)
2025-09-28T11:26:53.132145+00:00 DEBUG 'ansible_navigator.main' Prior to rollback: playbook = 'Not set' (Constants/Not set)
2025-09-28T11:26:53.132169+00:00 DEBUG 'ansible_navigator.main' Prior to rollback: playbook_artifact_enable = 'True' (bool/Defaults)
2025-09-28T11:26:53.132193+00:00 DEBUG 'ansible_navigator.main' Prior to rollback: playbook_artifact_replay = 'Not set' (Constants/Not set)
2025-09-28T11:26:53.132216+00:00 DEBUG 'ansible_navigator.main' Prior to rollback: playbook_artifact_save_as = '{playbook_dir}/{playbook_name}-artifact-{time_stamp}.json' (str/Defaults)
2025-09-28T11:26:53.132240+00:00 DEBUG 'ansible_navigator.main' Prior to rollback: plugin_name = 'user' (str/Command line)
2025-09-28T11:26:53.132263+00:00 DEBUG 'ansible_navigator.main' Prior to rollback: plugin_type = 'module' (str/Defaults)
2025-09-28T11:26:53.132287+00:00 DEBUG 'ansible_navigator.main' Prior to rollback: pull_arguments = 'Not set' (Constants/Not set)
2025-09-28T11:26:53.132310+00:00 DEBUG 'ansible_navigator.main' Prior to rollback: pull_policy = 'tag' (str/Defaults)
2025-09-28T11:26:53.132334+00:00 DEBUG 'ansible_navigator.main' Prior to rollback: set_environment_variable = 'Not set' (Constants/Not set)
2025-09-28T11:26:53.132357+00:00 DEBUG 'ansible_navigator.main' Prior to rollback: settings_effective = 'False' (bool/Defaults)
2025-09-28T11:26:53.132381+00:00 DEBUG 'ansible_navigator.main' Prior to rollback: settings_sample = 'False' (bool/Defaults)
2025-09-28T11:26:53.132483+00:00 DEBUG 'ansible_navigator.main' Prior to rollback: settings_schema = 'json' (str/Defaults)
2025-09-28T11:26:53.132542+00:00 DEBUG 'ansible_navigator.main' Prior to rollback: settings_sources = 'False' (bool/Defaults)
2025-09-28T11:26:53.132575+00:00 DEBUG 'ansible_navigator.main' Prior to rollback: time_zone = 'UTC' (str/Defaults)
2025-09-28T11:26:53.132603+00:00 DEBUG 'ansible_navigator.main' Prior to rollback: workdir = '/root/ansible-project/roles/common' (str/Defaults)
2025-09-28T11:26:53.132629+00:00 DEBUG 'ansible_navigator.main' After rollback: ansible_runner_artifact_dir = 'Not set' (Constants/Not set)
2025-09-28T11:26:53.132655+00:00 DEBUG 'ansible_navigator.main' After rollback: ansible_runner_rotate_artifacts_count = 'Not set' (Constants/Not set)
2025-09-28T11:26:53.132680+00:00 DEBUG 'ansible_navigator.main' After rollback: ansible_runner_timeout = 'Not set' (Constants/Not set)
2025-09-28T11:26:53.132712+00:00 DEBUG 'ansible_navigator.main' After rollback: ansible_runner_write_job_events = 'Not set' (Constants/Not set)
2025-09-28T11:26:53.132740+00:00 DEBUG 'ansible_navigator.main' After rollback: app = 'Not set' (Constants/Not set)
2025-09-28T11:26:53.132766+00:00 DEBUG 'ansible_navigator.main' After rollback: cmdline = 'Not set' (Constants/Not set)
2025-09-28T11:26:53.132790+00:00 DEBUG 'ansible_navigator.main' After rollback: collection_doc_cache_path = 'Not set' (Constants/Not set)
2025-09-28T11:26:53.132815+00:00 DEBUG 'ansible_navigator.main' After rollback: config = 'Not set' (Constants/Not set)
2025-09-28T11:26:53.132840+00:00 DEBUG 'ansible_navigator.main' After rollback: container_engine = 'Not set' (Constants/Not set)
2025-09-28T11:26:53.132865+00:00 DEBUG 'ansible_navigator.main' After rollback: container_options = 'Not set' (Constants/Not set)
2025-09-28T11:26:53.132890+00:00 DEBUG 'ansible_navigator.main' After rollback: display_color = 'Not set' (Constants/Not set)
2025-09-28T11:26:53.132915+00:00 DEBUG 'ansible_navigator.main' After rollback: editor_command = 'Not set' (Constants/Not set)
2025-09-28T11:26:53.132938+00:00 DEBUG 'ansible_navigator.main' After rollback: editor_console = 'Not set' (Constants/Not set)
2025-09-28T11:26:53.132962+00:00 DEBUG 'ansible_navigator.main' After rollback: enable_prompts = 'Not set' (Constants/Not set)
2025-09-28T11:26:53.132986+00:00 DEBUG 'ansible_navigator.main' After rollback: exec_command = 'Not set' (Constants/Not set)
2025-09-28T11:26:53.133010+00:00 DEBUG 'ansible_navigator.main' After rollback: exec_shell = 'Not set' (Constants/Not set)
2025-09-28T11:26:53.133034+00:00 DEBUG 'ansible_navigator.main' After rollback: execution_environment = 'Not set' (Constants/Not set)
2025-09-28T11:26:53.133057+00:00 DEBUG 'ansible_navigator.main' After rollback: execution_environment_image = 'Not set' (Constants/Not set)
2025-09-28T11:26:53.133081+00:00 DEBUG 'ansible_navigator.main' After rollback: execution_environment_volume_mounts = 'Not set' (Constants/Not set)
2025-09-28T11:26:53.133104+00:00 DEBUG 'ansible_navigator.main' After rollback: format = 'Not set' (Constants/Not set)
2025-09-28T11:26:53.133128+00:00 DEBUG 'ansible_navigator.main' After rollback: help_builder = 'Not set' (Constants/Not set)
2025-09-28T11:26:53.133152+00:00 DEBUG 'ansible_navigator.main' After rollback: help_config = 'Not set' (Constants/Not set)
2025-09-28T11:26:53.133176+00:00 DEBUG 'ansible_navigator.main' After rollback: help_doc = 'Not set' (Constants/Not set)
2025-09-28T11:26:53.133199+00:00 DEBUG 'ansible_navigator.main' After rollback: help_inventory = 'Not set' (Constants/Not set)
2025-09-28T11:26:53.133223+00:00 DEBUG 'ansible_navigator.main' After rollback: help_playbook = 'Not set' (Constants/Not set)
2025-09-28T11:26:53.133246+00:00 DEBUG 'ansible_navigator.main' After rollback: images_details = 'Not set' (Constants/Not set)
2025-09-28T11:26:53.133270+00:00 DEBUG 'ansible_navigator.main' After rollback: inventory = 'Not set' (Constants/Not set)
2025-09-28T11:26:53.133294+00:00 DEBUG 'ansible_navigator.main' After rollback: inventory_column = 'Not set' (Constants/Not set)
2025-09-28T11:26:53.133317+00:00 DEBUG 'ansible_navigator.main' After rollback: lint_config = 'Not set' (Constants/Not set)
2025-09-28T11:26:53.133341+00:00 DEBUG 'ansible_navigator.main' After rollback: lintables = 'Not set' (Constants/Not set)
2025-09-28T11:26:53.133365+00:00 DEBUG 'ansible_navigator.main' After rollback: log_append = 'Not set' (Constants/Not set)
2025-09-28T11:26:53.133389+00:00 DEBUG 'ansible_navigator.main' After rollback: log_file = 'Not set' (Constants/Not set)
2025-09-28T11:26:53.133412+00:00 DEBUG 'ansible_navigator.main' After rollback: log_level = 'Not set' (Constants/Not set)
2025-09-28T11:26:53.133436+00:00 DEBUG 'ansible_navigator.main' After rollback: mode = 'Not set' (Constants/Not set)
2025-09-28T11:26:53.133478+00:00 DEBUG 'ansible_navigator.main' After rollback: osc4 = 'Not set' (Constants/Not set)
2025-09-28T11:26:53.133515+00:00 DEBUG 'ansible_navigator.main' After rollback: pass_environment_variable = 'Not set' (Constants/Not set)
2025-09-28T11:26:53.133544+00:00 DEBUG 'ansible_navigator.main' After rollback: playbook = 'Not set' (Constants/Not set)
2025-09-28T11:26:53.133570+00:00 DEBUG 'ansible_navigator.main' After rollback: playbook_artifact_enable = 'Not set' (Constants/Not set)
2025-09-28T11:26:53.133595+00:00 DEBUG 'ansible_navigator.main' After rollback: playbook_artifact_replay = 'Not set' (Constants/Not set)
2025-09-28T11:26:53.133620+00:00 DEBUG 'ansible_navigator.main' After rollback: playbook_artifact_save_as = 'Not set' (Constants/Not set)
2025-09-28T11:26:53.133645+00:00 DEBUG 'ansible_navigator.main' After rollback: plugin_name = 'Not set' (Constants/Not set)
2025-09-28T11:26:53.133669+00:00 DEBUG 'ansible_navigator.main' After rollback: plugin_type = 'Not set' (Constants/Not set)
2025-09-28T11:26:53.133693+00:00 DEBUG 'ansible_navigator.main' After rollback: pull_arguments = 'Not set' (Constants/Not set)
2025-09-28T11:26:53.133717+00:00 DEBUG 'ansible_navigator.main' After rollback: pull_policy = 'Not set' (Constants/Not set)
2025-09-28T11:26:53.133741+00:00 DEBUG 'ansible_navigator.main' After rollback: set_environment_variable = 'Not set' (Constants/Not set)
2025-09-28T11:26:53.133765+00:00 DEBUG 'ansible_navigator.main' After rollback: settings_effective = 'Not set' (Constants/Not set)
2025-09-28T11:26:53.133789+00:00 DEBUG 'ansible_navigator.main' After rollback: settings_sample = 'Not set' (Constants/Not set)
2025-09-28T11:26:53.133813+00:00 DEBUG 'ansible_navigator.main' After rollback: settings_schema = 'Not set' (Constants/Not set)
2025-09-28T11:26:53.133837+00:00 DEBUG 'ansible_navigator.main' After rollback: settings_sources = 'Not set' (Constants/Not set)
2025-09-28T11:26:53.133860+00:00 DEBUG 'ansible_navigator.main' After rollback: time_zone = 'Not set' (Constants/Not set)
2025-09-28T11:26:53.133884+00:00 DEBUG 'ansible_navigator.main' After rollback: workdir = 'Not set' (Constants/Not set)
2025-09-28T11:26:53.133909+00:00 DEBUG 'ansible_navigator.main' Configuration rollback complete.
2025-09-28T11:26:53.133933+00:00 DEBUG 'ansible_navigator.main' Collection doc cache not mounted
2025-09-28T11:26:53.133967+00:00 WARNING 'ansible_navigator.main' Issues were found while applying the settings.
2025-09-28T11:26:53.133996+00:00 INFO 'ansible_navigator.main' Command provided: 'doc -m stdout user'
2025-09-28T11:26:53.134028+00:00 ERROR 'ansible_navigator.main' The following errors were found in the settings file (/root/.ansible-navigator.yml):
2025-09-28T11:26:53.134059+00:00 ERROR 'ansible_navigator.main' In 'ansible-navigator.execution-environment.pull.policy': 'mission' is not one of ['always', 'missing', 'never', 'tag'].
2025-09-28T11:26:53.134088+00:00 INFO 'ansible_navigator.main' Check the settings file and compare it to the current version.
2025-09-28T11:26:53.134116+00:00 INFO 'ansible_navigator.main' The current version can be found here: (https://ansible-navigator.readthedocs.io/en/latest/settings/#ansible-navigator-settings)
2025-09-28T11:26:53.134145+00:00 INFO 'ansible_navigator.main' The schema used for validation can be seen with 'ansible-navigator settings --schema'
2025-09-28T11:26:53.134172+00:00 INFO 'ansible_navigator.main' A sample settings file can be created with 'ansible-navigator settings --sample'
2025-09-28T11:26:53.134200+00:00 INFO 'ansible_navigator.main' Configuration failed, using default log file location. (/root/ansible-project/roles/common/ansible-navigator.log) Log level set to debug
2025-09-28T11:26:53.134228+00:00 INFO 'ansible_navigator.main' Review the hints and log file to see what went wrong.
2025-09-28T11:27:34.076273+00:00 WARNING 'ansible_navigator.image_manager.puller._log_message' Image inspection failed, image assumed to be corrupted or missing
2025-09-28T11:27:34.076970+00:00 WARNING 'ansible_navigator.image_manager.puller._log_message' stdout: []

2025-09-28T11:27:34.077028+00:00 WARNING 'ansible_navigator.image_manager.puller._log_message' stderr: Error: ddb78cf5ef52:latest: image not known

2025-09-28T11:27:54.598366+00:00 ERROR 'ansible_navigator.image_manager.puller._log_message' Execution environment pull failed
